<?xml version="1.0" encoding="UTF-8"?>
<testng-results skipped="0" failed="0" ignored="0" total="1" passed="1">
  <reporter-output>
  </reporter-output>
  <suite name="Default suite" duration-ms="1411" started-at="2020-01-21T11:55:01 IST" finished-at="2020-01-21T11:55:03 IST">
    <groups>
    </groups>
    <test name="Default test" duration-ms="1411" started-at="2020-01-21T11:55:01 IST" finished-at="2020-01-21T11:55:03 IST">
      <class name="jiraPractice.CreateDefect">
        <test-method status="PASS" signature="jiraAPI()[pri:0, instance:jiraPractice.CreateDefect@27a8c74e]" name="jiraAPI" duration-ms="1382" started-at="2020-01-21T11:55:01 IST" finished-at="2020-01-21T11:55:03 IST">
          <reporter-output>
          </reporter-output>
        </test-method> <!-- jiraAPI -->
      </class> <!-- jiraPractice.CreateDefect -->
    </test> <!-- Default test -->
  </suite> <!-- Default suite -->
</testng-results>
